Copyright 1986-2017 Xilinx, Inc. All Rights Reserved.
----------------------------------------------------------------------------------------
| Tool Version : Vivado v.2017.2 (win64) Build 1909853 Thu Jun 15 18:39:09 MDT 2017
| Date         : Thu Nov  2 14:52:34 2017
| Host         : XPS15-LAPTOP running 64-bit major release  (build 9200)
| Command      : report_control_sets -verbose -file pong_top_an_control_sets_placed.rpt
| Design       : pong_top_an
| Device       : xc7a100t
----------------------------------------------------------------------------------------

Control Set Information

Table of Contents
-----------------
1. Summary
2. Flip-Flop Distribution
3. Detailed Control Set Information

1. Summary
----------

+----------------------------------------------------------+-------+
|                          Status                          | Count |
+----------------------------------------------------------+-------+
| Number of unique control sets                            |    17 |
| Unused register locations in slices containing registers |    74 |
+----------------------------------------------------------+-------+


2. Flip-Flop Distribution
-------------------------

+--------------+-----------------------+------------------------+-----------------+--------------+
| Clock Enable | Synchronous Set/Reset | Asynchronous Set/Reset | Total Registers | Total Slices |
+--------------+-----------------------+------------------------+-----------------+--------------+
| No           | No                    | No                     |              52 |           17 |
| No           | No                    | Yes                    |              45 |           18 |
| No           | Yes                   | No                     |               1 |            1 |
| Yes          | No                    | No                     |               3 |            1 |
| Yes          | No                    | Yes                    |              73 |           27 |
| Yes          | Yes                   | No                     |               0 |            0 |
+--------------+-----------------------+------------------------+-----------------+--------------+


3. Detailed Control Set Information
-----------------------------------

+-----------------------------------------+---------------------------------------------------------------+------------------+------------------+----------------+
|               Clock Signal              |                         Enable Signal                         | Set/Reset Signal | Slice Load Count | Bel Load Count |
+-----------------------------------------+---------------------------------------------------------------+------------------+------------------+----------------+
|  pong_graph_an_unit/counter_logic0      |                                                               | mcounter0        |                1 |              1 |
|  clk_IBUF_BUFG                          |                                                               | reset_IBUF       |                1 |              1 |
|  clk_50m_BUFG                           | vsync_unit/E[0]                                               |                  |                1 |              3 |
|  pong_graph_an_unit/dig0_reg[3]_i_2_n_0 |                                                               |                  |                2 |              4 |
|  clk_50m_BUFG                           | keyboard/ps2_rx_unit/n_reg[3]_i_1_n_0                         | reset_IBUF       |                1 |              4 |
|  clk_50m_BUFG                           | keyboard/uart_unit/uart_tx_unit/s_reg[3]_i_1_n_0              | reset_IBUF       |                2 |              4 |
|  pong_graph_an_unit/dig1_reg[3]_i_2_n_0 |                                                               |                  |                1 |              4 |
|  clk_50m_BUFG                           | keyboard/uart_unit/uart_tx_unit/b_reg[7]_i_1_n_0              | reset_IBUF       |                2 |              8 |
|  clk_50m_BUFG                           | pong_graph_an_unit/bar_x_next                                 | reset_IBUF       |                3 |              9 |
|  clk_50m_BUFG                           | keyboard/ps2_rx_unit/b_reg[10]_i_1_n_0                        | reset_IBUF       |                3 |             10 |
|  clk_50m_BUFG                           | vsync_unit/v_count_reg0                                       | reset_IBUF       |                4 |             10 |
|  clk_50m_BUFG                           | vsync_unit/E[0]                                               | reset_IBUF       |                4 |             10 |
|  vsync_unit/text_on                     |                                                               |                  |                5 |             12 |
|  clk_50m_BUFG                           | keyboard/uart_unit/fifo_tx_unit/array_reg_reg_0_3_0_5_i_1_n_0 |                  |                2 |             16 |
|  clk_50m_BUFG                           | vsync_unit/refr_tick                                          | reset_IBUF       |                8 |             18 |
|  mcounter0                              |                                                               |                  |                9 |             32 |
|  clk_50m_BUFG                           |                                                               | reset_IBUF       |               17 |             44 |
+-----------------------------------------+---------------------------------------------------------------+------------------+------------------+----------------+


+--------+-----------------------+
| Fanout | Number of ControlSets |
+--------+-----------------------+
| 1      |                     2 |
| 3      |                     1 |
| 4      |                     4 |
| 8      |                     1 |
| 9      |                     1 |
| 10     |                     3 |
| 12     |                     1 |
| 16+    |                     4 |
+--------+-----------------------+


